<?xml version="1.0" encoding="UTF-8"?>
<!-- Generated by org.testng.reporters.JUnitXMLReporter -->
<testsuite hostname="INSGH045PMS0" ignored="0" name="Default test" tests="2" failures="0" timestamp="2020-08-11T13:17:58 IST" time="4.706" errors="0">
  <testcase name="VerifyRESTAPIGETRequestResponseStatusCodeChkSuccessfully" time="3.22" classname="DemoEtEFlow.InOutbound.RestAPIGetCall"/>
  <testcase name="VerifyRESTAPIGETRequestResponseMessageSuccessfully" time="1.408" classname="DemoEtEFlow.InOutbound.RestAPIGetCall"/>
</testsuite> <!-- Default test -->
