<?xml version="1.0" encoding="UTF-8"?>
<!-- Generated by org.testng.reporters.JUnitXMLReporter -->
<testsuite hostname="INSGH045PMS0" ignored="0" name="Default test" tests="2" failures="0" timestamp="2020-08-17T14:57:44 IST" time="5.431" errors="0">
  <testcase name="VerifyRESTAPIGETRequestResponseStatusCodeChkSuccessfully" time="4.1" classname="Demo.APIRestful.RestAPIGetCall"/>
  <testcase name="VerifyRESTAPIGETRequestResponseMessageSuccessfully" time="1.263" classname="Demo.APIRestful.RestAPIGetCall"/>
</testsuite> <!-- Default test -->
