<?xml version="1.0" encoding="UTF-8"?>
<!-- Generated by org.testng.reporters.JUnitXMLReporter -->
<testsuite hostname="INSGH045PMS0" ignored="0" name="Pega completed Test" tests="1" failures="1" timestamp="2020-08-17T15:58:05 IST" time="132.25" errors="0">
  <testcase name="VerifyNBACampaignRunSuccessfully" time="106.355" classname="Mccm.Pega.Outbound.PegaTest.PegamarktingTest">
    <failure type="org.openqa.selenium.ElementClickInterceptedException" message="element click intercepted: Element &amp;lt;button data-test-id=&amp;quot;201505220844570463332330&amp;quot; data-ctl=&amp;quot;Button&amp;quot; type=&amp;quot;button&amp;quot; name=&amp;quot;ContainerWithHeader_pyWorkPage.ProgramConfiguration.StrategyContainer_7&amp;quot; data-click=&amp;quot;[[&amp;amp;quot;processAction&amp;amp;quot;, [&amp;amp;quot;LaunchCardContainer&amp;amp;quot;,&amp;amp;quot;true&amp;amp;quot;,&amp;amp;quot;:event&amp;amp;quot;,&amp;amp;quot;&amp;amp;quot;,&amp;amp;quot;Rule-HTML-Section&amp;amp;quot;,&amp;amp;quot;mkt_campaign_card_list_modal&amp;amp;quot;,&amp;amp;quot;CardListModal&amp;amp;quot;,&amp;amp;quot;%7B%22mobile%22%3A%7B%22reveal%22%3A%7B%22effect%22%3A%22anim-bottom%22%7D%2C%22isCustomDismiss%22%3A%22false%22%7D%7D&amp;amp;quot;,&amp;amp;quot;true&amp;amp;quot;,&amp;amp;quot;Embed-PegaMKT-CardContainer-Flow-Strategy&amp;amp;quot;,&amp;amp;quot;Embed-PegaMKT-CardContainer-Flow-Strategy&amp;amp;quot;,&amp;amp;quot;false&amp;amp;quot;,&amp;amp;quot;false&amp;amp;quot;,&amp;amp;quot;&amp;amp;quot;,&amp;amp;quot;&amp;amp;quot;]]]&amp;quot; class=&amp;quot;pzhc pzbutton&amp;quot;&amp;gt;...&amp;lt;/button&amp;gt; is not clickable at point (536, 185). Other element would receive the click: &amp;lt;div id=&amp;quot;pega_ui_mask&amp;quot; class=&amp;quot;pega_ui_masking&amp;quot; style=&amp;quot;position: fixed; display: block; top: 0px; left: 0px; height: 573px; width: 1024px;&amp;quot;&amp;gt;...&amp;lt;/div&amp;gt;
  (Session info: chrome=84.0.4147.125)
Build info: version: &amp;apos;3.141.5&amp;apos;, revision: &amp;apos;d54ebd709a&amp;apos;, time: &amp;apos;2018-11-06T11:42:16&amp;apos;
System info: host: &amp;apos;INSGH045PMS0&amp;apos;, ip: &amp;apos;10.218.149.124&amp;apos;, os.name: &amp;apos;Windows 10&amp;apos;, os.arch: &amp;apos;amd64&amp;apos;, os.version: &amp;apos;10.0&amp;apos;, java.version: &amp;apos;1.8.0_251&amp;apos;
Driver info: org.openqa.selenium.chrome.ChromeDriver
Capabilities {acceptInsecureCerts: false, browserName: chrome, browserVersion: 84.0.4147.125, chrome: {chromedriverVersion: 84.0.4147.30 (48b3e868b4cc0..., userDataDir: C:\Users\prout21\AppData\Lo...}, goog:chromeOptions: {debuggerAddress: localhost:55590}, javascriptEnabled: true, networkConnectionEnabled: false, pageLoadStrategy: normal, platform: WINDOWS, platformName: WINDOWS, proxy: Proxy(), setWindowRect: true, strictFileInteractability: false, timeouts: {implicit: 0, pageLoad: 300000, script: 30000}, unhandledPromptBehavior: dismiss and notify, webauthn:virtualAuthenticators: true}
Session ID: 84392c6477d4a3ed8dd7278688c04e3c">
      <![CDATA[org.openqa.selenium.ElementClickInterceptedException: element click intercepted: Element <button data-test-id="201505220844570463332330" data-ctl="Button" type="button" name="ContainerWithHeader_pyWorkPage.ProgramConfiguration.StrategyContainer_7" data-click="[[&quot;processAction&quot;, [&quot;LaunchCardContainer&quot;,&quot;true&quot;,&quot;:event&quot;,&quot;&quot;,&quot;Rule-HTML-Section&quot;,&quot;mkt_campaign_card_list_modal&quot;,&quot;CardListModal&quot;,&quot;%7B%22mobile%22%3A%7B%22reveal%22%3A%7B%22effect%22%3A%22anim-bottom%22%7D%2C%22isCustomDismiss%22%3A%22false%22%7D%7D&quot;,&quot;true&quot;,&quot;Embed-PegaMKT-CardContainer-Flow-Strategy&quot;,&quot;Embed-PegaMKT-CardContainer-Flow-Strategy&quot;,&quot;false&quot;,&quot;false&quot;,&quot;&quot;,&quot;&quot;]]]" class="pzhc pzbutton">...</button> is not clickable at point (536, 185). Other element would receive the click: <div id="pega_ui_mask" class="pega_ui_masking" style="position: fixed; display: block; top: 0px; left: 0px; height: 573px; width: 1024px;">...</div>
  (Session info: chrome=84.0.4147.125)
Build info: version: '3.141.5', revision: 'd54ebd709a', time: '2018-11-06T11:42:16'
System info: host: 'INSGH045PMS0', ip: '10.218.149.124', os.name: 'Windows 10', os.arch: 'amd64', os.version: '10.0', java.version: '1.8.0_251'
Driver info: org.openqa.selenium.chrome.ChromeDriver
Capabilities {acceptInsecureCerts: false, browserName: chrome, browserVersion: 84.0.4147.125, chrome: {chromedriverVersion: 84.0.4147.30 (48b3e868b4cc0..., userDataDir: C:\Users\prout21\AppData\Lo...}, goog:chromeOptions: {debuggerAddress: localhost:55590}, javascriptEnabled: true, networkConnectionEnabled: false, pageLoadStrategy: normal, platform: WINDOWS, platformName: WINDOWS, proxy: Proxy(), setWindowRect: true, strictFileInteractability: false, timeouts: {implicit: 0, pageLoad: 300000, script: 30000}, unhandledPromptBehavior: dismiss and notify, webauthn:virtualAuthenticators: true}
Session ID: 84392c6477d4a3ed8dd7278688c04e3c
at org.openqa.selenium.remote.http.W3CHttpResponseCodec.createException(W3CHttpResponseCodec.java:187)
at org.openqa.selenium.remote.http.W3CHttpResponseCodec.decode(W3CHttpResponseCodec.java:122)
at org.openqa.selenium.remote.http.W3CHttpResponseCodec.decode(W3CHttpResponseCodec.java:49)
at org.openqa.selenium.remote.HttpCommandExecutor.execute(HttpCommandExecutor.java:158)
at org.openqa.selenium.remote.service.DriverCommandExecutor.execute(DriverCommandExecutor.java:83)
at org.openqa.selenium.remote.RemoteWebDriver.execute(RemoteWebDriver.java:552)
at org.openqa.selenium.remote.RemoteWebElement.execute(RemoteWebElement.java:285)
at org.openqa.selenium.remote.RemoteWebElement.click(RemoteWebElement.java:84)
at org.openqa.selenium.support.pagefactory.internal.LocatingElementHandler.invoke(LocatingElementHandler.java:51)
at com.sun.proxy.$Proxy9.click(Unknown Source)
at Mccm.Pega.Outbound.PegaMain.PegaMarketPage.MrktStrtgyConfig(PegaMarketPage.java:199)
at Mccm.Pega.Outbound.PegaTest.PegamarktingTest.VerifyNBACampaignRunSuccessfully(PegamarktingTest.java:58)
at java.util.ArrayList.forEach(ArrayList.java:1257)
... Removed 35 stack frames]]>
    </failure>
  </testcase> <!-- VerifyNBACampaignRunSuccessfully -->
</testsuite> <!-- Pega completed Test -->
