<?xml version="1.0" encoding="UTF-8"?>
<!-- Generated by org.testng.reporters.JUnitXMLReporter -->
<testsuite hostname="INSGH045PMS0" ignored="0" name="Pega Restful GET Request Response Regression Test" tests="1" failures="1" timestamp="2020-08-07T18:10:02 IST" time="2.279" errors="0">
  <testcase name="VerifyHitRESTfulGETRequestResoponceSuccessfully" time="2.215" classname="Mccm.Pega.DMPRealTime.PegaTest.RestfulGETrequestTest">
    <failure type="java.lang.AssertionError" message="expected [100] but found [200]">
      <![CDATA[java.lang.AssertionError: expected [100] but found [200]
at Mccm.Pega.DMPRealTime.PegaTest.RestfulGETrequestTest.VerifyHitRESTfulGETRequestResoponceSuccessfully(RestfulGETrequestTest.java:55)
at java.util.ArrayList.forEach(ArrayList.java:1257)
... Removed 32 stack frames]]>
    </failure>
  </testcase> <!-- VerifyHitRESTfulGETRequestResoponceSuccessfully -->
</testsuite> <!-- Pega Restful GET Request Response Regression Test -->
