<?xml version="1.0" encoding="UTF-8"?>
<!-- Generated by org.testng.reporters.JUnitXMLReporter -->
<testsuite hostname="INSGH045PMS0" ignored="0" name="Pega DSS Regression Test" tests="3" failures="0" timestamp="2020-07-20T14:54:27 IST" time="0.63" errors="0">
  <testcase name="@BeforeMethod setup" time="0.009" classname="Mccm.Pega.Outbound.PegaTest.LoginPageTest">
    <failure type="java.lang.NullPointerException">
      <![CDATA[java.lang.NullPointerException
at Mccm.Pega.Outbound.PegaTestBase.TestBase.initialization(TestBase.java:48)
at Mccm.Pega.Outbound.PegaTest.LoginPageTest.setup(LoginPageTest.java:24)
at java.util.ArrayList.forEach(ArrayList.java:1257)
... Removed 31 stack frames]]>
    </failure>
  </testcase> <!-- @BeforeMethod setup -->
  <testcase name="@AfterMethod teardown" time="-1.595237067573E9" classname="Mccm.Pega.Outbound.PegaTest.LoginPageTest">
    <skipped/>
  </testcase> <!-- @AfterMethod teardown -->
  <testcase name="@BeforeMethod setup" time="-1.595237067583E9" classname="Mccm.Pega.Outbound.PegaTest.LoginPageTest">
    <skipped/>
  </testcase> <!-- @BeforeMethod setup -->
  <testcase name="@AfterMethod teardown" time="-1.595237067597E9" classname="Mccm.Pega.Outbound.PegaTest.LoginPageTest">
    <skipped/>
  </testcase> <!-- @AfterMethod teardown -->
  <testcase name="@BeforeMethod setup" time="-1.5952370676E9" classname="Mccm.Pega.Outbound.PegaTest.LoginPageTest">
    <skipped/>
  </testcase> <!-- @BeforeMethod setup -->
  <testcase name="@AfterMethod teardown" time="-1.595237067611E9" classname="Mccm.Pega.Outbound.PegaTest.LoginPageTest">
    <skipped/>
  </testcase> <!-- @AfterMethod teardown -->
  <testcase name="VerifyLoginPageTitleTest" time="0.0" classname="Mccm.Pega.Outbound.PegaTest.LoginPageTest">
    <skipped/>
  </testcase> <!-- VerifyLoginPageTitleTest -->
  <testcase name="VerifyPegaLogoTest" time="0.0" classname="Mccm.Pega.Outbound.PegaTest.LoginPageTest">
    <skipped/>
  </testcase> <!-- VerifyPegaLogoTest -->
  <testcase name="VerifyLoginSuccessfulTest" time="0.0" classname="Mccm.Pega.Outbound.PegaTest.LoginPageTest">
    <skipped/>
  </testcase> <!-- VerifyLoginSuccessfulTest -->
</testsuite> <!-- Pega DSS Regression Test -->
