<?xml version="1.0" encoding="UTF-8"?>
<!-- Generated by org.testng.reporters.JUnitXMLReporter -->
<testsuite hostname="INSGH045PMS0" ignored="0" name="Pega Dynamic System Setting Regression Test" tests="4" failures="0" timestamp="2020-09-24T10:01:10 IST" time="397.986" errors="0">
  <testcase name="VerifyLoginPageTitleTest" time="0.022" classname="Mccm.Pega.Outbound.PegaTest.LoginPageTest"/>
  <testcase name="VerifyPegaLogoTest" time="0.111" classname="Mccm.Pega.Outbound.PegaTest.LoginPageTest"/>
  <testcase name="VerifyLoginSuccessfulTest" time="11.445" classname="Mccm.Pega.Outbound.PegaTest.LoginPageTest"/>
  <testcase name="VerifyDynamicSystemSettingSuccessfully" time="321.577" classname="Mccm.Pega.Outbound.PegaTest.HomePageTest"/>
</testsuite> <!-- Pega Dynamic System Setting Regression Test -->
