<?xml version="1.0" encoding="UTF-8"?>
<testng-results skipped="0" failed="0" ignored="0" total="1" passed="1">
  <reporter-output>
  </reporter-output>
  <suite name="Default suite" duration-ms="476857" started-at="2020-09-28T18:46:33 IST" finished-at="2020-09-28T18:54:30 IST">
    <groups>
    </groups>
    <test name="Default test" duration-ms="476857" started-at="2020-09-28T18:46:33 IST" finished-at="2020-09-28T18:54:30 IST">
      <class name="DemoEtEFlow.Testcase.PageMrktEtoEFlowRSheduleOtbd">
        <test-method status="PASS" signature="NBABatchCampaignSuccessfull()[pri:0, instance:DemoEtEFlow.Testcase.PageMrktEtoEFlowRSheduleOtbd@491cc5c9]" name="NBABatchCampaignSuccessfull" duration-ms="476781" started-at="2020-09-28T18:46:33 IST" finished-at="2020-09-28T18:54:30 IST">
          <reporter-output>
          </reporter-output>
        </test-method> <!-- NBABatchCampaignSuccessfull -->
      </class> <!-- DemoEtEFlow.Testcase.PageMrktEtoEFlowRSheduleOtbd -->
    </test> <!-- Default test -->
  </suite> <!-- Default suite -->
</testng-results>
