<?xml version="1.0" encoding="UTF-8"?>
<testng-results skipped="0" failed="0" ignored="0" total="1" passed="1">
  <reporter-output>
  </reporter-output>
  <suite name="Default suite" duration-ms="17440" started-at="2020-09-04T11:52:18 IST" finished-at="2020-09-04T11:52:35 IST">
    <groups>
    </groups>
    <test name="Default test" duration-ms="17440" started-at="2020-09-04T11:52:18 IST" finished-at="2020-09-04T11:52:35 IST">
      <class name="Mccm.Unix.Outbound.App_Unix_Outbound_Extract_Test">
        <test-method status="PASS" signature="VerifyExtracDataLoadSuccessfully()[pri:0, instance:Mccm.Unix.Outbound.App_Unix_Outbound_Extract_Test@6a1aab78]" name="VerifyExtracDataLoadSuccessfully" duration-ms="17377" started-at="2020-09-04T11:52:18 IST" finished-at="2020-09-04T11:52:35 IST">
          <reporter-output>
          </reporter-output>
        </test-method> <!-- VerifyExtracDataLoadSuccessfully -->
      </class> <!-- Mccm.Unix.Outbound.App_Unix_Outbound_Extract_Test -->
    </test> <!-- Default test -->
  </suite> <!-- Default suite -->
</testng-results>
