<?xml version="1.0" encoding="UTF-8"?>
<!-- Generated by org.testng.reporters.JUnitReportReporter -->
<testsuite skipped="0" hostname="INSGH045PMS0" name="Mccm.Unix.Inbound.App_Inbound_OnlineShop_Test" tests="1" failures="0" timestamp="2020-08-24T16:25:48 IST" time="39.558" errors="0">
  <testcase name="VerifyONLINESHOPFileLoadSuccessfully" time="39.558" classname="Mccm.Unix.Inbound.App_Inbound_OnlineShop_Test"/>
  <system-out/>
</testsuite> <!-- Mccm.Unix.Inbound.App_Inbound_OnlineShop_Test -->
